2022-01-05 16:13:08,210 - pyswarms.single.global_best - INFO - Optimize for 1000 iters with {'c1': 0.5, 'c2': 0.3, 'w': 0.9}
2022-01-05 16:13:30,353 - pyswarms.single.global_best - INFO - Optimize for 1000 iters with {'c1': 0.5, 'c2': 0.3, 'w': 0.9}
2022-01-05 16:14:29,979 - pyswarms.single.global_best - INFO - Optimize for 1000 iters with {'c1': 0.5, 'c2': 0.3, 'w': 0.9}
2022-01-05 16:16:26,091 - pyswarms.single.global_best - INFO - Optimize for 1000 iters with {'c1': 0.5, 'c2': 0.3, 'w': 0.9}
2022-01-05 16:17:37,515 - pyswarms.single.global_best - INFO - Optimize for 1000 iters with {'c1': 0.5, 'c2': 0.3, 'w': 0.9}
2022-01-05 16:18:29,165 - pyswarms.backend.generators - ERROR - Bounds and/or init_pos should be of size (1,)
Traceback (most recent call last):
  File "C:\Users\Lara\anaconda3\envs\may\lib\site-packages\pyswarms\backend\generators.py", line 81, in generate_swarm
    pos = center * np.random.uniform(
  File "mtrand.pyx", line 1125, in numpy.random.mtrand.RandomState.uniform
  File "_common.pyx", line 541, in numpy.random._common.cont
  File "_common.pyx", line 459, in numpy.random._common.cont_broadcast_2
  File "_common.pyx", line 229, in numpy.random._common.validate_output_shape
ValueError: Output size (10, 1) is not compatible with broadcast dimensions of inputs (10, 10).
2022-01-05 16:19:21,478 - pyswarms.single.global_best - INFO - Optimize for 1000 iters with {'c1': 0.5, 'c2': 0.3, 'w': 0.9}
2022-01-05 16:24:42,226 - pyswarms.single.global_best - INFO - Optimize for 1000 iters with {'c1': 0.5, 'c2': 0.3, 'w': 0.9}
2022-01-05 16:25:22,181 - pyswarms.single.global_best - INFO - Optimize for 1000 iters with {'c1': 0.5, 'c2': 0.3, 'w': 0.9}
2022-01-05 16:27:11,235 - pyswarms.backend.generators - ERROR - Bounds and/or init_pos should be of size (10,)
Traceback (most recent call last):
  File "C:\Users\Lara\anaconda3\envs\may\lib\site-packages\pyswarms\backend\generators.py", line 81, in generate_swarm
    pos = center * np.random.uniform(
  File "mtrand.pyx", line 1125, in numpy.random.mtrand.RandomState.uniform
  File "_common.pyx", line 541, in numpy.random._common.cont
  File "_common.pyx", line 458, in numpy.random._common.cont_broadcast_2
  File "__init__.pxd", line 742, in numpy.PyArray_MultiIterNew3
ValueError: shape mismatch: objects cannot be broadcast to a single shape
2022-01-05 16:27:32,893 - pyswarms.single.global_best - INFO - Optimize for 1000 iters with {'c1': 0.5, 'c2': 0.3, 'w': 0.9}
2022-01-05 16:28:05,006 - pyswarms.single.global_best - INFO - Optimize for 1000 iters with {'c1': 0.5, 'c2': 0.3, 'w': 0.9}
2022-01-05 16:32:23,606 - pyswarms.single.global_best - INFO - Optimize for 1000 iters with {'c1': 0.5, 'c2': 0.3, 'w': 0.9}
2022-01-05 16:34:28,989 - pyswarms.single.global_best - INFO - Optimize for 1000 iters with {'c1': 0.5, 'c2': 0.3, 'w': 0.9}
2022-01-05 16:34:50,607 - pyswarms.single.global_best - INFO - Optimize for 1000 iters with {'c1': 0.5, 'c2': 0.3, 'w': 0.9}
2022-01-05 16:35:15,395 - pyswarms.single.global_best - INFO - Optimize for 1000 iters with {'c1': 0.5, 'c2': 0.3, 'w': 0.9}
2022-01-05 16:35:36,134 - pyswarms.single.global_best - INFO - Optimize for 1000 iters with {'c1': 0.5, 'c2': 0.3, 'w': 0.9}
2022-01-05 16:39:00,962 - pyswarms.single.global_best - INFO - Optimize for 1000 iters with {'c1': 0.5, 'c2': 0.3, 'w': 0.9}
2022-01-05 16:41:55,613 - pyswarms.single.global_best - INFO - Optimize for 1000 iters with {'c1': 0.5, 'c2': 0.3, 'w': 0.9}
2022-01-05 18:40:27,368 - pyswarms.single.global_best - INFO - Optimization finished | best cost: 51949360.83896527, best pos: [ 0.12  0.63  1.01  0.06  0.18  0.36 16.44 12.08 15.54  0.01]
2022-01-06 10:17:26,746 - pyswarms.single.global_best - INFO - Optimize for 1000 iters with {'c1': 0.5, 'c2': 0.3, 'w': 0.9}
2022-01-06 12:25:08,835 - pyswarms.single.global_best - INFO - Optimization finished | best cost: 100449804.5142534, best pos: [ 0.07  0.55  1.72  0.07  0.47  0.39  8.94  8.89 25.33  0.  ]
2022-01-06 19:49:20,934 - pyswarms.single.global_best - INFO - Optimize for 1000 iters with {'c1': 0.5, 'c2': 0.3, 'w': 0.9}
2022-01-06 21:59:53,856 - pyswarms.single.global_best - INFO - Optimization finished | best cost: 105735595.78384426, best pos: [ 0.13  0.03  2.13  0.08  0.54  0.57 12.35 15.81 19.76  0.01]
2022-01-07 12:26:14,357 - pyswarms.single.global_best - INFO - Optimize for 1000 iters with {'c1': 0.5, 'c2': 0.3, 'w': 0.9}
2022-01-07 13:47:27,571 - pyswarms.single.global_best - INFO - Optimization finished | best cost: 61059450.43173769, best pos: [0.05 0.13 1.32 0.55 0.77 0.23 7.61 7.8  0.91 0.  ]
2022-01-07 14:16:01,115 - pyswarms.single.global_best - INFO - Optimize for 1000 iters with {'c1': 0.5, 'c2': 0.3, 'w': 0.9}
2022-01-07 15:31:39,624 - pyswarms.single.global_best - INFO - Optimization finished | best cost: 88335183.92782998, best pos: [ 0.09  0.03  0.73  0.57  0.42  0.67 13.72  7.36 11.12  0.01]
2022-01-07 15:36:40,252 - pyswarms.single.global_best - INFO - Optimize for 1000 iters with {'c1': 0.5, 'c2': 0.3, 'w': 0.9}
2022-01-07 17:12:13,449 - pyswarms.single.global_best - INFO - Optimization finished | best cost: 28603599.828108497, best pos: [ 0.11  0.68  0.83  0.38  0.17  0.22 15.06 12.93 11.77  0.  ]
2022-01-10 10:45:22,428 - pyswarms.single.global_best - INFO - Optimize for 1000 iters with {'c1': 0.5, 'c2': 0.3, 'w': 0.9}
2022-01-10 12:12:42,330 - pyswarms.single.global_best - INFO - Optimization finished | best cost: 32820106.245002925, best pos: [ 0.06  0.11  1.81  0.5   0.18  0.06  6.06 13.55 16.41  0.01]
2022-01-10 14:04:51,563 - pyswarms.single.global_best - INFO - Optimize for 1000 iters with {'c1': 0.5, 'c2': 0.3, 'w': 0.9}
2022-01-10 15:59:37,492 - pyswarms.single.global_best - INFO - Optimization finished | best cost: 50858267.40332691, best pos: [ 0.08  0.28  1.72  0.05  0.16  0.13 13.21 13.4  19.51  0.01]
2022-01-10 16:03:04,743 - pyswarms.single.global_best - INFO - Optimize for 1000 iters with {'c1': 0.5, 'c2': 0.3, 'w': 0.9}
2022-01-10 16:07:55,389 - pyswarms.single.global_best - INFO - Optimize for 1000 iters with {'c1': 0.5, 'c2': 0.3, 'w': 0.9}
2022-01-10 18:05:05,660 - pyswarms.single.global_best - INFO - Optimization finished | best cost: 61117167.06436476, best pos: [ 0.08  0.34  1.88  0.05  0.18  0.26  8.99 12.09 23.53  0.01]
2022-01-10 18:20:38,734 - pyswarms.single.global_best - INFO - Optimize for 1000 iters with {'c1': 0.5, 'c2': 0.3, 'w': 0.9}
2022-01-10 19:33:17,543 - pyswarms.single.global_best - INFO - Optimization finished | best cost: 85380107.60397176, best pos: [ 0.05  0.34  2.24  0.52  0.14  0.17 11.34  7.13 10.13  0.  ]
2022-01-11 10:33:43,628 - pyswarms.single.global_best - INFO - Optimize for 1000 iters with {'c1': 0.5, 'c2': 0.3, 'w': 0.9}
2022-01-11 12:07:36,529 - pyswarms.single.global_best - INFO - Optimization finished | best cost: 69115349.08959033, best pos: [ 0.07  0.21  1.41  0.08  0.31  0.07  8.59 10.08 17.01  0.02]
2022-01-11 13:06:47,207 - pyswarms.single.global_best - INFO - Optimize for 1000 iters with {'c1': 0.5, 'c2': 0.3, 'w': 0.9}
2022-01-11 14:28:39,490 - pyswarms.single.global_best - INFO - Optimization finished | best cost: 26760470.258649357, best pos: [ 0.08  0.41  1.67  0.62  0.16  0.07 11.09 14.4  10.06  0.01]
2022-01-11 14:44:42,576 - pyswarms.single.global_best - INFO - Optimize for 1000 iters with {'c1': 0.5, 'c2': 0.3, 'w': 0.9}
2022-01-11 15:44:51,315 - pyswarms.single.global_best - INFO - Optimization finished | best cost: 10217236.412380654, best pos: [ 0.09  0.36  1.06  0.64  0.67  0.13  7.35  0.06 11.59  0.01]
2022-01-11 15:45:58,338 - pyswarms.single.global_best - INFO - Optimize for 1000 iters with {'c1': 0.5, 'c2': 0.3, 'w': 0.9}
2022-01-11 17:59:49,475 - pyswarms.single.global_best - INFO - Optimization finished | best cost: 62701357.04644783, best pos: [ 0.1   0.31  1.72  0.6   0.43  0.63  0.01  3.63 19.68  0.01]
2022-01-12 09:59:16,468 - pyswarms.single.global_best - INFO - Optimize for 1000 iters with {'c1': 0.5, 'c2': 0.3, 'w': 0.9}
2022-01-12 11:39:50,336 - pyswarms.single.global_best - INFO - Optimization finished | best cost: 54544716.79444041, best pos: [9.61430545e-02 2.69973087e-01 9.22330102e-01 6.08614972e-01
 6.15020840e-01 7.26116283e-01 5.20531048e-03 1.11938462e+01
 1.12123186e+01 1.30574669e-02]
2022-01-14 11:44:44,718 - pyswarms.single.global_best - INFO - Optimize for 1000 iters with {'c1': 0.5, 'c2': 0.3, 'w': 0.9}
2022-01-14 14:05:52,234 - pyswarms.single.global_best - INFO - Optimization finished | best cost: 59270871.8032767, best pos: [9.55584334e-02 2.41632673e-01 2.09712100e+00 4.04993387e-01
 7.48716837e-01 5.94656276e-01 1.67514628e-02 7.40056551e+00
 1.33737664e+01 1.20183637e-02]
2022-01-17 11:03:52,905 - pyswarms.single.global_best - INFO - Optimize for 1000 iters with {'c1': 0.5, 'c2': 0.3, 'w': 0.9}
2022-01-17 11:14:02,337 - pyswarms.single.global_best - INFO - Optimize for 1000 iters with {'c1': 0.5, 'c2': 0.3, 'w': 0.9}
2022-01-17 13:06:01,137 - pyswarms.single.global_best - INFO - Optimization finished | best cost: 69217488.66629837, best pos: [9.56675126e-02 3.37805222e-01 1.07104951e+00 6.12877466e-01
 6.92700791e-01 2.89209637e-01 6.35973454e-03 7.43675951e+00
 2.29360369e+01 8.98629270e-03]
2022-01-19 10:05:47,766 - pyswarms.single.global_best - INFO - Optimize for 5000 iters with {'c1': 0.5, 'c2': 0.3, 'w': 0.9}
2022-01-19 10:05:58,730 - pyswarms.single.global_best - INFO - Optimize for 5000 iters with {'c1': 0.5, 'c2': 0.3, 'w': 0.9}
2022-01-21 09:06:35,291 - pyswarms.single.global_best - INFO - Optimize for 5 iters with {'c1': 0.5, 'c2': 0.3, 'w': 0.9}
2022-01-21 09:07:03,674 - pyswarms.single.global_best - INFO - Optimization finished | best cost: 128115197.30161197, best pos: [9.90385065e-02 2.53786986e-01 2.82903218e+00 1.69885753e-01
 8.01612834e-01 1.04905623e-01 3.27702922e+00 9.91441976e+00
 1.68975930e+01 1.61254683e-02]
2022-01-21 09:21:29,855 - root - INFO - test
2022-01-21 09:21:30,565 - pyswarms.single.global_best - INFO - Optimize for 5 iters with {'c1': 0.5, 'c2': 0.3, 'w': 0.9}
2022-01-21 09:25:23,412 - root - INFO - test
2022-01-21 09:25:23,415 - root - INFO - load_data
2022-01-21 09:25:23,832 - root - INFO - model parameters:
2022-01-21 09:25:23,837 - root - INFO - ================
2022-01-21 09:25:23,841 - root - INFO -    M_Fe3                       0.2 
2022-01-21 09:25:23,844 - root - INFO -    M_Ferm                     0.02 
2022-01-21 09:25:23,846 - root - INFO -    M_Hydro                  0.0025 
2022-01-21 09:25:23,849 - root - INFO -    M_Homo                   0.0001 
2022-01-21 09:25:23,851 - root - INFO -    M_Ac                     0.0002 
2022-01-21 09:25:23,855 - root - INFO -    Sensenmann                    0 
2022-01-21 09:25:23,857 - root - INFO -    Vmax_Fe3                  20.27 
2022-01-21 09:25:23,859 - root - INFO -    Vmax_help_Ferm         0.030966 
2022-01-21 09:25:23,862 - root - INFO -    Vmax_Ferm             0.0943461 
2022-01-21 09:25:23,865 - root - INFO -    Vmax_Homo              0.066571 
2022-01-21 09:25:23,867 - root - INFO -    Vmax_Hydro             0.070321 
2022-01-21 09:25:23,870 - root - INFO -    Vmax_Ac                 0.04089 
2022-01-21 09:25:23,874 - root - INFO -    Kmb_help_Ferm           11.7482 
2022-01-21 09:25:23,878 - root - INFO -    Inhibition_Ferm         9.42431 
2022-01-21 09:25:23,880 - root - INFO -    Fe3                     15.0908 
2022-01-21 09:25:23,883 - root - INFO -    C                       588.384 specimen data
2022-01-21 09:25:23,886 - root - INFO -    DOC                     11.7677 specimen data
2022-01-21 09:25:23,889 - root - INFO -    pH                         6.15 specimen data
2022-01-21 09:25:23,892 - root - INFO -    weight                    17.77 specimen data
2022-01-21 09:25:23,897 - root - INFO -    water                       4.6 specimen data
2022-01-21 09:25:23,901 - root - INFO - 
2022-01-21 09:25:23,904 - root - INFO - Deleting Vmax_help_Ferm from fixed parameters
2022-01-21 09:25:23,908 - root - INFO - Deleting Vmax_Ferm from fixed parameters
2022-01-21 09:25:23,912 - root - INFO - Deleting Vmax_Fe3 from fixed parameters
2022-01-21 09:25:23,914 - root - INFO - Deleting Vmax_Homo from fixed parameters
2022-01-21 09:25:23,917 - root - INFO - Deleting Vmax_Hydro from fixed parameters
2022-01-21 09:25:23,919 - root - INFO - Deleting Vmax_Ac from fixed parameters
2022-01-21 09:25:23,921 - root - INFO - Deleting Kmb_help_Ferm from fixed parameters
2022-01-21 09:25:23,925 - root - INFO - Deleting Inhibition_Ferm from fixed parameters
2022-01-21 09:25:23,928 - root - INFO - Deleting Fe3 from fixed parameters
2022-01-21 09:25:23,931 - root - INFO - Deleting M_Ac from fixed parameters
2022-01-21 09:25:23,931 - root - INFO - load_data
2022-01-21 09:25:24,381 - root - INFO - 
changeables:
===========
   Vmax_help_Ferm
   Vmax_Ferm
   Vmax_Fe3
   Vmax_Homo
   Vmax_Hydro
   Vmax_Ac
   Kmb_help_Ferm
   Inhibition_Ferm
   Fe3
   M_Ac

2022-01-21 09:25:24,386 - root - INFO - 
#######################################
fitting 1 samples with PSO on 8 workers
#######################################

2022-01-21 09:25:24,410 - pyswarms.single.global_best - INFO - Optimize for 5 iters with {'c1': 0.5, 'c2': 0.3, 'w': 0.9}
2022-01-21 09:26:02,166 - pyswarms.single.global_best - INFO - Optimization finished | best cost: 108175081.18347189, best pos: [9.55294297e-02 4.11089052e-01 9.59542637e-02 5.58855392e-02
 6.44841355e-01 5.47378493e-01 7.30935451e-01 1.66342908e+01
 2.11642024e+01 1.89955071e-02]
2022-01-21 09:26:02,271 - root - INFO - optimal parameters:
2022-01-21 09:26:02,273 - root - INFO -    Vmax_help_Ferm  0.09552942965413724
2022-01-21 09:26:02,274 - root - INFO -    Vmax_Ferm       0.4110890517726278
2022-01-21 09:26:02,276 - root - INFO -    Vmax_Fe3        0.09595426369773329
2022-01-21 09:26:02,277 - root - INFO -    Vmax_Homo       0.055885539222066474
2022-01-21 09:26:02,279 - root - INFO -    Vmax_Hydro      0.6448413550061257
2022-01-21 09:26:02,280 - root - INFO -    Vmax_Ac         0.5473784931162844
2022-01-21 09:26:02,282 - root - INFO -    Kmb_help_Ferm   0.7309354509145809
2022-01-21 09:26:02,283 - root - INFO -    Inhibition_Ferm 16.63429081289717
2022-01-21 09:26:02,284 - root - INFO -    Fe3             21.164202366771704
2022-01-21 09:26:02,286 - root - INFO -    M_Ac            0.0189955070690012
2022-01-21 09:26:02,287 - root - INFO - 
2022-01-21 09:26:02,291 - root - INFO - 
2022-01-21 09:26:02,293 - root - INFO - running model:
2022-01-21 09:26:02,294 - root - INFO - =============
2022-01-21 09:26:02,296 - root - INFO - pathways:
2022-01-21 09:26:02,297 - root - INFO -    Ferm_help
2022-01-21 09:26:02,299 - root - INFO -    Ferm
2022-01-21 09:26:02,300 - root - INFO -    Fe3
2022-01-21 09:26:02,302 - root - INFO -    Ac
2022-01-21 09:26:02,303 - root - INFO - 
2022-01-21 09:26:02,305 - root - INFO - initial system:
2022-01-21 09:26:02,306 - root - INFO -    C            588.384
2022-01-21 09:26:02,308 - root - INFO -    DOC          11.7677
2022-01-21 09:26:02,309 - root - INFO -    CH4          0
2022-01-21 09:26:02,311 - root - INFO -    CO2          0
2022-01-21 09:26:02,312 - root - INFO -    Fe3          21.1642
2022-01-21 09:26:02,314 - root - INFO -    M_Ac         0.0189955
2022-01-21 09:26:02,316 - root - INFO -    M_Ferm       0.02
2022-01-21 09:26:02,317 - root - INFO -    M_Fe3        0.2
2022-01-21 09:26:02,318 - root - INFO -    M_Hydro      0.0025
2022-01-21 09:26:02,319 - root - INFO -    M_Homo       0.0001
2022-01-21 09:26:02,320 - root - INFO -    Acetate      0
2022-01-21 09:26:02,322 - root - INFO -    H2           0
2022-01-21 09:26:02,324 - root - INFO -    Fe2          0
2022-01-21 09:26:02,326 - root - INFO -    pH           6.15
2022-01-21 09:26:02,328 - root - INFO -    HCO3         0
2022-01-21 09:26:02,330 - root - INFO -    weight       17.77
2022-01-21 09:26:02,332 - root - INFO -    water        4.6
2022-01-21 09:26:02,334 - root - INFO - 
2022-01-21 09:26:02,336 - root - INFO - model parameters:
2022-01-21 09:26:02,338 - root - INFO -    M_Fe3                  0.2
2022-01-21 09:26:02,341 - root - INFO -    M_Ferm                 0.02
2022-01-21 09:26:02,343 - root - INFO -    M_Hydro                0.0025
2022-01-21 09:26:02,346 - root - INFO -    M_Homo                 0.0001
2022-01-21 09:26:02,347 - root - INFO -    Sensenmann             0
2022-01-21 09:26:02,348 - root - INFO -    C                      588.3844444444444
2022-01-21 09:26:02,349 - root - INFO -    DOC                    11.767688888888888
2022-01-21 09:26:02,351 - root - INFO -    pH                     6.15
2022-01-21 09:26:02,353 - root - INFO -    weight                 17.77
2022-01-21 09:26:02,354 - root - INFO -    water                  4.6
2022-01-21 09:26:02,356 - root - INFO -    Vmax_help_Ferm         0.09552942965413724
2022-01-21 09:26:02,358 - root - INFO -    Vmax_Ferm              0.4110890517726278
2022-01-21 09:26:02,361 - root - INFO -    Vmax_Fe3               0.09595426369773329
2022-01-21 09:26:02,362 - root - INFO -    Vmax_Homo              0.055885539222066474
2022-01-21 09:26:02,364 - root - INFO -    Vmax_Hydro             0.6448413550061257
2022-01-21 09:26:02,366 - root - INFO -    Vmax_Ac                0.5473784931162844
2022-01-21 09:26:02,367 - root - INFO -    Kmb_help_Ferm          0.7309354509145809
2022-01-21 09:26:02,369 - root - INFO -    Inhibition_Ferm        16.63429081289717
2022-01-21 09:26:02,370 - root - INFO -    Fe3                    21.164202366771704
2022-01-21 09:26:02,372 - root - INFO -    M_Ac                   0.0189955070690012
2022-01-21 09:26:02,374 - root - INFO - 
2022-01-21 09:26:02,888 - root - INFO - load_data
2022-01-21 09:26:51,185 - root - INFO - test
2022-01-21 09:26:51,189 - root - INFO - load_data
2022-01-21 09:26:51,472 - root - INFO - No carex data for specimen13520
2022-01-21 09:26:51,488 - root - INFO - No carex data for specimen13691
2022-01-21 09:26:51,545 - root - INFO - model parameters:
2022-01-21 09:26:51,548 - root - INFO - ================
2022-01-21 09:26:51,551 - root - INFO -    M_Fe3                       0.2 
2022-01-21 09:26:51,553 - root - INFO -    M_Ferm                     0.02 
2022-01-21 09:26:51,556 - root - INFO -    M_Hydro                  0.0025 
2022-01-21 09:26:51,566 - root - INFO -    M_Homo                   0.0001 
2022-01-21 09:26:51,568 - root - INFO -    M_Ac                     0.0002 
2022-01-21 09:26:51,571 - root - INFO -    Sensenmann                    0 
2022-01-21 09:26:51,574 - root - INFO -    Vmax_Fe3                  20.27 
2022-01-21 09:26:51,578 - root - INFO -    Vmax_help_Ferm         0.030966 
2022-01-21 09:26:51,580 - root - INFO -    Vmax_Ferm             0.0943461 
2022-01-21 09:26:51,583 - root - INFO -    Vmax_Homo              0.066571 
2022-01-21 09:26:51,586 - root - INFO -    Vmax_Hydro             0.070321 
2022-01-21 09:26:51,589 - root - INFO -    Vmax_Ac                 0.04089 
2022-01-21 09:26:51,592 - root - INFO -    Kmb_help_Ferm           11.7482 
2022-01-21 09:26:51,595 - root - INFO -    Inhibition_Ferm         9.42431 
2022-01-21 09:26:51,598 - root - INFO -    Fe3                     15.0908 
2022-01-21 09:26:51,600 - root - INFO -    C                       588.384 specimen data
2022-01-21 09:26:51,603 - root - INFO -    DOC                     11.7677 specimen data
2022-01-21 09:26:51,605 - root - INFO -    pH                         6.15 specimen data
2022-01-21 09:26:51,609 - root - INFO -    weight                    17.77 specimen data
2022-01-21 09:26:51,611 - root - INFO -    water                       4.6 specimen data
2022-01-21 09:26:51,614 - root - INFO - 
2022-01-21 09:26:51,618 - root - INFO - Deleting Vmax_help_Ferm from fixed parameters
2022-01-21 09:26:51,621 - root - INFO - Deleting Vmax_Ferm from fixed parameters
2022-01-21 09:26:51,624 - root - INFO - Deleting Vmax_Fe3 from fixed parameters
2022-01-21 09:26:51,626 - root - INFO - Deleting Vmax_Homo from fixed parameters
2022-01-21 09:26:51,630 - root - INFO - Deleting Vmax_Hydro from fixed parameters
2022-01-21 09:26:51,633 - root - INFO - Deleting Vmax_Ac from fixed parameters
2022-01-21 09:26:51,635 - root - INFO - Deleting Kmb_help_Ferm from fixed parameters
2022-01-21 09:26:51,638 - root - INFO - Deleting Inhibition_Ferm from fixed parameters
2022-01-21 09:26:51,642 - root - INFO - Deleting Fe3 from fixed parameters
2022-01-21 09:26:51,645 - root - INFO - Deleting M_Ac from fixed parameters
2022-01-21 09:26:51,649 - root - INFO - load_data
2022-01-21 09:26:51,941 - root - INFO - No carex data for specimen13520
2022-01-21 09:26:51,954 - root - INFO - No carex data for specimen13691
2022-01-21 09:26:52,012 - root - INFO - 
changeables:
===========
   Vmax_help_Ferm
   Vmax_Ferm
   Vmax_Fe3
   Vmax_Homo
   Vmax_Hydro
   Vmax_Ac
   Kmb_help_Ferm
   Inhibition_Ferm
   Fe3
   M_Ac

2022-01-21 09:26:52,014 - root - INFO - 
#######################################
fitting 1 samples with PSO on 8 workers
#######################################

2022-01-21 09:26:52,031 - pyswarms.single.global_best - INFO - Optimize for 5 iters with {'c1': 0.5, 'c2': 0.3, 'w': 0.9}
2022-01-21 09:27:25,773 - pyswarms.single.global_best - INFO - Optimization finished | best cost: 97882270.73157372, best pos: [6.79229698e-02 3.13205643e-01 1.95407335e+00 7.43750246e-01
 2.06967231e-01 6.20485778e-01 9.69791731e-02 1.06819637e+01
 2.66180066e+01 1.26442182e-02]
2022-01-21 09:27:25,879 - root - INFO - optimal parameters:
2022-01-21 09:27:25,881 - root - INFO -    Vmax_help_Ferm  0.06792296976880971
2022-01-21 09:27:25,882 - root - INFO -    Vmax_Ferm       0.3132056428878902
2022-01-21 09:27:25,883 - root - INFO -    Vmax_Fe3        1.9540733504732515
2022-01-21 09:27:25,885 - root - INFO -    Vmax_Homo       0.7437502459594751
2022-01-21 09:27:25,888 - root - INFO -    Vmax_Hydro      0.20696723065670694
2022-01-21 09:27:25,890 - root - INFO -    Vmax_Ac         0.6204857781614388
2022-01-21 09:27:25,892 - root - INFO -    Kmb_help_Ferm   0.09697917313751692
2022-01-21 09:27:25,893 - root - INFO -    Inhibition_Ferm 10.681963700418525
2022-01-21 09:27:25,895 - root - INFO -    Fe3             26.618006596172915
2022-01-21 09:27:25,897 - root - INFO -    M_Ac            0.012644218197429821
2022-01-21 09:27:25,899 - root - INFO - 
2022-01-21 09:27:25,909 - root - INFO - 
2022-01-21 09:27:25,911 - root - INFO - running model:
2022-01-21 09:27:25,913 - root - INFO - =============
2022-01-21 09:27:25,915 - root - INFO - pathways:
2022-01-21 09:27:25,917 - root - INFO -    Ferm_help
2022-01-21 09:27:25,919 - root - INFO -    Ferm
2022-01-21 09:27:25,920 - root - INFO -    Fe3
2022-01-21 09:27:25,922 - root - INFO -    Ac
2022-01-21 09:27:25,924 - root - INFO - 
2022-01-21 09:27:25,926 - root - INFO - initial system:
2022-01-21 09:27:25,928 - root - INFO -    C            588.384
2022-01-21 09:27:25,930 - root - INFO -    DOC          11.7677
2022-01-21 09:27:25,932 - root - INFO -    CH4          0
2022-01-21 09:27:25,934 - root - INFO -    CO2          0
2022-01-21 09:27:25,937 - root - INFO -    Fe3          26.618
2022-01-21 09:27:25,939 - root - INFO -    M_Ac         0.0126442
2022-01-21 09:27:25,942 - root - INFO -    M_Ferm       0.02
2022-01-21 09:27:25,945 - root - INFO -    M_Fe3        0.2
2022-01-21 09:27:25,948 - root - INFO -    M_Hydro      0.0025
2022-01-21 09:27:25,950 - root - INFO -    M_Homo       0.0001
2022-01-21 09:27:25,952 - root - INFO -    Acetate      0
2022-01-21 09:27:25,955 - root - INFO -    H2           0
2022-01-21 09:27:25,957 - root - INFO -    Fe2          0
2022-01-21 09:27:25,960 - root - INFO -    pH           6.15
2022-01-21 09:27:25,962 - root - INFO -    HCO3         0
2022-01-21 09:27:25,964 - root - INFO -    weight       17.77
2022-01-21 09:27:25,966 - root - INFO -    water        4.6
2022-01-21 09:27:25,969 - root - INFO - 
2022-01-21 09:27:25,971 - root - INFO - model parameters:
2022-01-21 09:27:25,974 - root - INFO -    M_Fe3                  0.2
2022-01-21 09:27:25,976 - root - INFO -    M_Ferm                 0.02
2022-01-21 09:27:25,979 - root - INFO -    M_Hydro                0.0025
2022-01-21 09:27:25,981 - root - INFO -    M_Homo                 0.0001
2022-01-21 09:27:25,984 - root - INFO -    Sensenmann             0
2022-01-21 09:27:25,986 - root - INFO -    C                      588.3844444444444
2022-01-21 09:27:25,989 - root - INFO -    DOC                    11.767688888888888
2022-01-21 09:27:25,991 - root - INFO -    pH                     6.15
2022-01-21 09:27:25,993 - root - INFO -    weight                 17.77
2022-01-21 09:27:25,995 - root - INFO -    water                  4.6
2022-01-21 09:27:25,996 - root - INFO -    Vmax_help_Ferm         0.06792296976880971
2022-01-21 09:27:25,998 - root - INFO -    Vmax_Ferm              0.3132056428878902
2022-01-21 09:27:26,000 - root - INFO -    Vmax_Fe3               1.9540733504732515
2022-01-21 09:27:26,002 - root - INFO -    Vmax_Homo              0.7437502459594751
2022-01-21 09:27:26,003 - root - INFO -    Vmax_Hydro             0.20696723065670694
2022-01-21 09:27:26,005 - root - INFO -    Vmax_Ac                0.6204857781614388
2022-01-21 09:27:26,007 - root - INFO -    Kmb_help_Ferm          0.09697917313751692
2022-01-21 09:27:26,008 - root - INFO -    Inhibition_Ferm        10.681963700418525
2022-01-21 09:27:26,010 - root - INFO -    Fe3                    26.618006596172915
2022-01-21 09:27:26,012 - root - INFO -    M_Ac                   0.012644218197429821
2022-01-21 09:27:26,014 - root - INFO - 
2022-01-21 09:27:26,832 - root - INFO - load_data
2022-01-21 09:27:27,217 - root - INFO - No carex data for specimen13520
2022-01-21 09:27:27,228 - root - INFO - No carex data for specimen13691
2022-01-21 09:31:13,055 - root - INFO - load_data
2022-01-21 09:31:13,380 - root - INFO - No carex data for specimen13520
2022-01-21 09:31:13,393 - root - INFO - No carex data for specimen13691
2022-01-21 09:31:13,450 - root - INFO - model parameters:
2022-01-21 09:31:13,453 - root - INFO - ================
2022-01-21 09:31:13,456 - root - INFO -    M_Fe3                       0.2 
2022-01-21 09:31:13,458 - root - INFO -    M_Ferm                     0.02 
2022-01-21 09:31:13,462 - root - INFO -    M_Hydro                  0.0025 
2022-01-21 09:31:13,464 - root - INFO -    M_Homo                   0.0001 
2022-01-21 09:31:13,467 - root - INFO -    M_Ac                     0.0002 
2022-01-21 09:31:13,470 - root - INFO -    Sensenmann                    0 
2022-01-21 09:31:13,478 - root - INFO -    Vmax_Fe3                  20.27 
2022-01-21 09:31:13,480 - root - INFO -    Vmax_help_Ferm         0.030966 
2022-01-21 09:31:13,483 - root - INFO -    Vmax_Ferm             0.0943461 
2022-01-21 09:31:13,487 - root - INFO -    Vmax_Homo              0.066571 
2022-01-21 09:31:13,490 - root - INFO -    Vmax_Hydro             0.070321 
2022-01-21 09:31:13,494 - root - INFO -    Vmax_Ac                 0.04089 
2022-01-21 09:31:13,496 - root - INFO -    Kmb_help_Ferm           11.7482 
2022-01-21 09:31:13,498 - root - INFO -    Inhibition_Ferm         9.42431 
2022-01-21 09:31:13,502 - root - INFO -    Fe3                     15.0908 
2022-01-21 09:31:13,506 - root - INFO -    C                       588.384 specimen data
2022-01-21 09:31:13,508 - root - INFO -    DOC                     11.7677 specimen data
2022-01-21 09:31:13,511 - root - INFO -    pH                         6.15 specimen data
2022-01-21 09:31:13,514 - root - INFO -    weight                    17.77 specimen data
2022-01-21 09:31:13,518 - root - INFO -    water                       4.6 specimen data
2022-01-21 09:31:13,522 - root - INFO - 
2022-01-21 09:31:13,525 - root - INFO - Deleting Vmax_help_Ferm from fixed parameters
2022-01-21 09:31:13,528 - root - INFO - Deleting Vmax_Ferm from fixed parameters
2022-01-21 09:31:13,532 - root - INFO - Deleting Vmax_Fe3 from fixed parameters
2022-01-21 09:31:13,535 - root - INFO - Deleting Vmax_Homo from fixed parameters
2022-01-21 09:31:13,540 - root - INFO - Deleting Vmax_Hydro from fixed parameters
2022-01-21 09:31:13,542 - root - INFO - Deleting Vmax_Ac from fixed parameters
2022-01-21 09:31:13,545 - root - INFO - Deleting Kmb_help_Ferm from fixed parameters
2022-01-21 09:31:13,548 - root - INFO - Deleting Inhibition_Ferm from fixed parameters
2022-01-21 09:31:13,551 - root - INFO - Deleting Fe3 from fixed parameters
2022-01-21 09:31:13,555 - root - INFO - Deleting M_Ac from fixed parameters
2022-01-21 09:31:13,558 - root - INFO - load_data
2022-01-21 09:31:13,865 - root - INFO - No carex data for specimen13520
2022-01-21 09:31:13,878 - root - INFO - No carex data for specimen13691
2022-01-21 09:31:13,940 - root - INFO - 
changeables:
===========
   Vmax_help_Ferm
   Vmax_Ferm
   Vmax_Fe3
   Vmax_Homo
   Vmax_Hydro
   Vmax_Ac
   Kmb_help_Ferm
   Inhibition_Ferm
   Fe3
   M_Ac

2022-01-21 09:31:13,943 - root - INFO - 
#######################################
fitting 1 samples with PSO on 8 workers
#######################################

2022-01-21 09:31:13,963 - pyswarms.single.global_best - INFO - Optimize for 5 iters with {'c1': 0.5, 'c2': 0.3, 'w': 0.9}
2022-01-21 09:31:46,631 - pyswarms.single.global_best - INFO - Optimization finished | best cost: 127085846.51848778, best pos: [9.91598193e-02 3.89507265e-01 2.80896942e+00 6.79772470e-02
 2.21168790e-01 5.28485125e-01 5.46533077e+00 2.27080666e+00
 2.32217715e+01 8.34491489e-03]
2022-01-21 09:31:46,739 - root - INFO - optimal parameters:
2022-01-21 09:31:46,740 - root - INFO -    Vmax_help_Ferm  0.0991598192637759
2022-01-21 09:31:46,742 - root - INFO -    Vmax_Ferm       0.38950726466126373
2022-01-21 09:31:46,744 - root - INFO -    Vmax_Fe3        2.8089694220499055
2022-01-21 09:31:46,746 - root - INFO -    Vmax_Homo       0.06797724701440573
2022-01-21 09:31:46,748 - root - INFO -    Vmax_Hydro      0.22116878984076657
2022-01-21 09:31:46,749 - root - INFO -    Vmax_Ac         0.5284851253518842
2022-01-21 09:31:46,751 - root - INFO -    Kmb_help_Ferm   5.465330766190004
2022-01-21 09:31:46,754 - root - INFO -    Inhibition_Ferm 2.2708066567384804
2022-01-21 09:31:46,756 - root - INFO -    Fe3             23.22177152810813
2022-01-21 09:31:46,758 - root - INFO -    M_Ac            0.008344914890059396
2022-01-21 09:31:46,759 - root - INFO - 
2022-01-21 09:31:46,763 - root - INFO - 
2022-01-21 09:31:46,765 - root - INFO - running model:
2022-01-21 09:31:46,766 - root - INFO - =============
2022-01-21 09:31:46,769 - root - INFO - pathways:
2022-01-21 09:31:46,770 - root - INFO -    Ferm_help
2022-01-21 09:31:46,773 - root - INFO -    Ferm
2022-01-21 09:31:46,774 - root - INFO -    Fe3
2022-01-21 09:31:46,776 - root - INFO -    Ac
2022-01-21 09:31:46,778 - root - INFO - 
2022-01-21 09:31:46,779 - root - INFO - initial system:
2022-01-21 09:31:46,781 - root - INFO -    C            588.384
2022-01-21 09:31:46,783 - root - INFO -    DOC          11.7677
2022-01-21 09:31:46,785 - root - INFO -    CH4          0
2022-01-21 09:31:46,788 - root - INFO -    CO2          0
2022-01-21 09:31:46,790 - root - INFO -    Fe3          23.2218
2022-01-21 09:31:46,792 - root - INFO -    M_Ac         0.00834491
2022-01-21 09:31:46,795 - root - INFO -    M_Ferm       0.02
2022-01-21 09:31:46,797 - root - INFO -    M_Fe3        0.2
2022-01-21 09:31:46,799 - root - INFO -    M_Hydro      0.0025
2022-01-21 09:31:46,801 - root - INFO -    M_Homo       0.0001
2022-01-21 09:31:46,803 - root - INFO -    Acetate      0
2022-01-21 09:31:46,806 - root - INFO -    H2           0
2022-01-21 09:31:46,808 - root - INFO -    Fe2          0
2022-01-21 09:31:46,810 - root - INFO -    pH           6.15
2022-01-21 09:31:46,811 - root - INFO -    HCO3         0
2022-01-21 09:31:46,814 - root - INFO -    weight       17.77
2022-01-21 09:31:46,815 - root - INFO -    water        4.6
2022-01-21 09:31:46,818 - root - INFO - 
2022-01-21 09:31:46,821 - root - INFO - model parameters:
2022-01-21 09:31:46,822 - root - INFO -    M_Fe3                  0.2
2022-01-21 09:31:46,825 - root - INFO -    M_Ferm                 0.02
2022-01-21 09:31:46,827 - root - INFO -    M_Hydro                0.0025
2022-01-21 09:31:46,829 - root - INFO -    M_Homo                 0.0001
2022-01-21 09:31:46,830 - root - INFO -    Sensenmann             0
2022-01-21 09:31:46,833 - root - INFO -    C                      588.3844444444444
2022-01-21 09:31:46,835 - root - INFO -    DOC                    11.767688888888888
2022-01-21 09:31:46,837 - root - INFO -    pH                     6.15
2022-01-21 09:31:46,839 - root - INFO -    weight                 17.77
2022-01-21 09:31:46,841 - root - INFO -    water                  4.6
2022-01-21 09:31:46,843 - root - INFO -    Vmax_help_Ferm         0.0991598192637759
2022-01-21 09:31:46,845 - root - INFO -    Vmax_Ferm              0.38950726466126373
2022-01-21 09:31:46,847 - root - INFO -    Vmax_Fe3               2.8089694220499055
2022-01-21 09:31:46,849 - root - INFO -    Vmax_Homo              0.06797724701440573
2022-01-21 09:31:46,852 - root - INFO -    Vmax_Hydro             0.22116878984076657
2022-01-21 09:31:46,854 - root - INFO -    Vmax_Ac                0.5284851253518842
2022-01-21 09:31:46,856 - root - INFO -    Kmb_help_Ferm          5.465330766190004
2022-01-21 09:31:46,857 - root - INFO -    Inhibition_Ferm        2.2708066567384804
2022-01-21 09:31:46,860 - root - INFO -    Fe3                    23.22177152810813
2022-01-21 09:31:46,862 - root - INFO -    M_Ac                   0.008344914890059396
2022-01-21 09:31:46,864 - root - INFO - 
2022-01-21 09:31:50,005 - root - INFO - load_data
2022-01-21 09:31:50,315 - root - INFO - No carex data for specimen13520
2022-01-21 09:31:50,326 - root - INFO - No carex data for specimen13691
2022-01-21 09:36:46,861 - root - INFO - load_data
2022-01-21 09:36:47,145 - root - INFO - No carex data for specimen13520
2022-01-21 09:36:47,157 - root - INFO - No carex data for specimen13691
2022-01-21 09:36:47,215 - root - INFO - model parameters:
2022-01-21 09:36:47,218 - root - INFO - ================
2022-01-21 09:36:47,222 - root - INFO -    M_Fe3                       0.2 
2022-01-21 09:36:47,225 - root - INFO -    M_Ferm                     0.02 
2022-01-21 09:36:47,228 - root - INFO -    M_Hydro                  0.0025 
2022-01-21 09:36:47,231 - root - INFO -    M_Homo                   0.0001 
2022-01-21 09:36:47,234 - root - INFO -    M_Ac                     0.0002 
2022-01-21 09:36:47,237 - root - INFO -    Sensenmann                    0 
2022-01-21 09:36:47,240 - root - INFO -    Vmax_Fe3                  20.27 
2022-01-21 09:36:47,243 - root - INFO -    Vmax_help_Ferm         0.030966 
2022-01-21 09:36:47,245 - root - INFO -    Vmax_Ferm             0.0943461 
2022-01-21 09:36:47,248 - root - INFO -    Vmax_Homo              0.066571 
2022-01-21 09:36:47,251 - root - INFO -    Vmax_Hydro             0.070321 
2022-01-21 09:36:47,255 - root - INFO -    Vmax_Ac                 0.04089 
2022-01-21 09:36:47,258 - root - INFO -    Kmb_help_Ferm           11.7482 
2022-01-21 09:36:47,261 - root - INFO -    Inhibition_Ferm         9.42431 
2022-01-21 09:36:47,264 - root - INFO -    Fe3                     15.0908 
2022-01-21 09:36:47,274 - root - INFO -    C                       588.384 specimen data
2022-01-21 09:36:47,277 - root - INFO -    DOC                     11.7677 specimen data
2022-01-21 09:36:47,280 - root - INFO -    pH                         6.15 specimen data
2022-01-21 09:36:47,283 - root - INFO -    weight                    17.77 specimen data
2022-01-21 09:36:47,287 - root - INFO -    water                       4.6 specimen data
2022-01-21 09:36:47,290 - root - INFO - 
2022-01-21 09:36:47,293 - root - INFO - Deleting Vmax_help_Ferm from fixed parameters
2022-01-21 09:36:47,296 - root - INFO - Deleting Vmax_Ferm from fixed parameters
2022-01-21 09:36:47,300 - root - INFO - Deleting Vmax_Fe3 from fixed parameters
2022-01-21 09:36:47,303 - root - INFO - Deleting Vmax_Homo from fixed parameters
2022-01-21 09:36:47,305 - root - INFO - Deleting Vmax_Hydro from fixed parameters
2022-01-21 09:36:47,308 - root - INFO - Deleting Vmax_Ac from fixed parameters
2022-01-21 09:36:47,311 - root - INFO - Deleting Kmb_help_Ferm from fixed parameters
2022-01-21 09:36:47,315 - root - INFO - Deleting Inhibition_Ferm from fixed parameters
2022-01-21 09:36:47,318 - root - INFO - Deleting Fe3 from fixed parameters
2022-01-21 09:36:47,321 - root - INFO - Deleting M_Ac from fixed parameters
2022-01-21 09:36:47,323 - root - INFO - load_data
2022-01-21 09:36:47,602 - root - INFO - No carex data for specimen13520
2022-01-21 09:36:47,614 - root - INFO - No carex data for specimen13691
2022-01-21 09:36:47,670 - root - INFO - 
changeables:
===========
   Vmax_help_Ferm
   Vmax_Ferm
   Vmax_Fe3
   Vmax_Homo
   Vmax_Hydro
   Vmax_Ac
   Kmb_help_Ferm
   Inhibition_Ferm
   Fe3
   M_Ac

2022-01-21 09:36:47,673 - root - INFO - 
#######################################
fitting 1 samples with PSO on 8 workers
#######################################

2022-01-21 09:36:47,688 - pyswarms.single.global_best - INFO - Optimize for 5 iters with {'c1': 0.5, 'c2': 0.3, 'w': 0.9}
2022-01-21 09:37:08,407 - pyswarms.single.global_best - INFO - Optimization finished | best cost: 102779798.0211015, best pos: [7.88428325e-02 2.95549500e-01 5.99627314e-02 7.94472426e-01
 7.97409370e-01 7.11786217e-01 3.49528384e-01 1.48863088e+01
 2.04242103e+01 5.18980602e-03]
2022-01-21 09:37:08,492 - root - INFO - optimal parameters:
2022-01-21 09:37:08,494 - root - INFO -    Vmax_help_Ferm  0.07884283248651741
2022-01-21 09:37:08,495 - root - INFO -    Vmax_Ferm       0.29554949953813936
2022-01-21 09:37:08,497 - root - INFO -    Vmax_Fe3        0.05996273136001677
2022-01-21 09:37:08,499 - root - INFO -    Vmax_Homo       0.7944724256103597
2022-01-21 09:37:08,501 - root - INFO -    Vmax_Hydro      0.7974093698042731
2022-01-21 09:37:08,503 - root - INFO -    Vmax_Ac         0.7117862169884878
2022-01-21 09:37:08,505 - root - INFO -    Kmb_help_Ferm   0.3495283839399079
2022-01-21 09:37:08,507 - root - INFO -    Inhibition_Ferm 14.886308825890543
2022-01-21 09:37:08,509 - root - INFO -    Fe3             20.424210263252714
2022-01-21 09:37:08,510 - root - INFO -    M_Ac            0.00518980602068231
2022-01-21 09:37:08,512 - root - INFO - 
2022-01-21 09:37:08,516 - root - INFO - 
2022-01-21 09:37:08,518 - root - INFO - running model:
2022-01-21 09:37:08,520 - root - INFO - =============
2022-01-21 09:37:08,522 - root - INFO - pathways:
2022-01-21 09:37:08,524 - root - INFO -    Ferm_help
2022-01-21 09:37:08,525 - root - INFO -    Ferm
2022-01-21 09:37:08,527 - root - INFO -    Fe3
2022-01-21 09:37:08,528 - root - INFO -    Ac
2022-01-21 09:37:08,530 - root - INFO - 
2022-01-21 09:37:08,532 - root - INFO - initial system:
2022-01-21 09:37:08,533 - root - INFO -    C            588.384
2022-01-21 09:37:08,535 - root - INFO -    DOC          11.7677
2022-01-21 09:37:08,537 - root - INFO -    CH4          0
2022-01-21 09:37:08,539 - root - INFO -    CO2          0
2022-01-21 09:37:08,541 - root - INFO -    Fe3          20.4242
2022-01-21 09:37:08,542 - root - INFO -    M_Ac         0.00518981
2022-01-21 09:37:08,544 - root - INFO -    M_Ferm       0.02
2022-01-21 09:37:08,545 - root - INFO -    M_Fe3        0.2
2022-01-21 09:37:08,547 - root - INFO -    M_Hydro      0.0025
2022-01-21 09:37:08,549 - root - INFO -    M_Homo       0.0001
2022-01-21 09:37:08,550 - root - INFO -    Acetate      0
2022-01-21 09:37:08,553 - root - INFO -    H2           0
2022-01-21 09:37:08,555 - root - INFO -    Fe2          0
2022-01-21 09:37:08,557 - root - INFO -    pH           6.15
2022-01-21 09:37:08,558 - root - INFO -    HCO3         0
2022-01-21 09:37:08,561 - root - INFO -    weight       17.77
2022-01-21 09:37:08,563 - root - INFO -    water        4.6
2022-01-21 09:37:08,565 - root - INFO - 
2022-01-21 09:37:08,567 - root - INFO - model parameters:
2022-01-21 09:37:08,570 - root - INFO -    M_Fe3                  0.2
2022-01-21 09:37:08,572 - root - INFO -    M_Ferm                 0.02
2022-01-21 09:37:08,574 - root - INFO -    M_Hydro                0.0025
2022-01-21 09:37:08,576 - root - INFO -    M_Homo                 0.0001
2022-01-21 09:37:08,578 - root - INFO -    Sensenmann             0
2022-01-21 09:37:08,580 - root - INFO -    C                      588.3844444444444
2022-01-21 09:37:08,582 - root - INFO -    DOC                    11.767688888888888
2022-01-21 09:37:08,584 - root - INFO -    pH                     6.15
2022-01-21 09:37:08,585 - root - INFO -    weight                 17.77
2022-01-21 09:37:08,587 - root - INFO -    water                  4.6
2022-01-21 09:37:08,590 - root - INFO -    Vmax_help_Ferm         0.07884283248651741
2022-01-21 09:37:08,591 - root - INFO -    Vmax_Ferm              0.29554949953813936
2022-01-21 09:37:08,593 - root - INFO -    Vmax_Fe3               0.05996273136001677
2022-01-21 09:37:08,594 - root - INFO -    Vmax_Homo              0.7944724256103597
2022-01-21 09:37:08,596 - root - INFO -    Vmax_Hydro             0.7974093698042731
2022-01-21 09:37:08,598 - root - INFO -    Vmax_Ac                0.7117862169884878
2022-01-21 09:37:08,600 - root - INFO -    Kmb_help_Ferm          0.3495283839399079
2022-01-21 09:37:08,602 - root - INFO -    Inhibition_Ferm        14.886308825890543
2022-01-21 09:37:08,604 - root - INFO -    Fe3                    20.424210263252714
2022-01-21 09:37:08,606 - root - INFO -    M_Ac                   0.00518980602068231
2022-01-21 09:37:08,608 - root - INFO - 
2022-01-21 09:37:09,653 - root - INFO - load_data
2022-01-21 09:37:09,945 - root - INFO - No carex data for specimen13520
2022-01-21 09:37:09,958 - root - INFO - No carex data for specimen13691
2022-01-21 09:46:46,861 - data - INFO - load_data
2022-01-21 09:46:47,167 - data - INFO - No carex data for specimen13520
2022-01-21 09:46:47,179 - data - INFO - No carex data for specimen13691
2022-01-21 09:46:47,236 - root - INFO - model parameters:
2022-01-21 09:46:47,238 - root - INFO - ================
2022-01-21 09:46:47,242 - root - INFO -    M_Fe3                       0.2 
2022-01-21 09:46:47,245 - root - INFO -    M_Ferm                     0.02 
2022-01-21 09:46:47,249 - root - INFO -    M_Hydro                  0.0025 
2022-01-21 09:46:47,253 - root - INFO -    M_Homo                   0.0001 
2022-01-21 09:46:47,257 - root - INFO -    M_Ac                     0.0002 
2022-01-21 09:46:47,259 - root - INFO -    Sensenmann                    0 
2022-01-21 09:46:47,262 - root - INFO -    Vmax_Fe3                  20.27 
2022-01-21 09:46:47,266 - root - INFO -    Vmax_help_Ferm         0.030966 
2022-01-21 09:46:47,270 - root - INFO -    Vmax_Ferm             0.0943461 
2022-01-21 09:46:47,275 - root - INFO -    Vmax_Homo              0.066571 
2022-01-21 09:46:47,277 - root - INFO -    Vmax_Hydro             0.070321 
2022-01-21 09:46:47,281 - root - INFO -    Vmax_Ac                 0.04089 
2022-01-21 09:46:47,285 - root - INFO -    Kmb_help_Ferm           11.7482 
2022-01-21 09:46:47,288 - root - INFO -    Inhibition_Ferm         9.42431 
2022-01-21 09:46:47,292 - root - INFO -    Fe3                     15.0908 
2022-01-21 09:46:47,299 - root - INFO -    C                       588.384 specimen data
2022-01-21 09:46:47,302 - root - INFO -    DOC                     11.7677 specimen data
2022-01-21 09:46:47,306 - root - INFO -    pH                         6.15 specimen data
2022-01-21 09:46:47,309 - root - INFO -    weight                    17.77 specimen data
2022-01-21 09:46:47,312 - root - INFO -    water                       4.6 specimen data
2022-01-21 09:46:47,315 - root - INFO - 
2022-01-21 09:46:47,319 - optimizer - INFO - Deleting Vmax_help_Ferm from fixed parameters
2022-01-21 09:46:47,324 - optimizer - INFO - Deleting Vmax_Ferm from fixed parameters
2022-01-21 09:46:47,327 - optimizer - INFO - Deleting Vmax_Fe3 from fixed parameters
2022-01-21 09:46:47,330 - optimizer - INFO - Deleting Vmax_Homo from fixed parameters
2022-01-21 09:46:47,333 - optimizer - INFO - Deleting Vmax_Hydro from fixed parameters
2022-01-21 09:46:47,336 - optimizer - INFO - Deleting Vmax_Ac from fixed parameters
2022-01-21 09:46:47,341 - optimizer - INFO - Deleting Kmb_help_Ferm from fixed parameters
2022-01-21 09:46:47,344 - optimizer - INFO - Deleting Inhibition_Ferm from fixed parameters
2022-01-21 09:46:47,347 - optimizer - INFO - Deleting Fe3 from fixed parameters
2022-01-21 09:46:47,350 - optimizer - INFO - Deleting M_Ac from fixed parameters
2022-01-21 09:46:47,352 - data - INFO - load_data
2022-01-21 09:46:47,667 - data - INFO - No carex data for specimen13520
2022-01-21 09:46:47,680 - data - INFO - No carex data for specimen13691
2022-01-21 09:46:47,748 - optimizer - INFO - 
changeables:
===========
   Vmax_help_Ferm
   Vmax_Ferm
   Vmax_Fe3
   Vmax_Homo
   Vmax_Hydro
   Vmax_Ac
   Kmb_help_Ferm
   Inhibition_Ferm
   Fe3
   M_Ac

2022-01-21 09:46:47,753 - optimizer - INFO - 
#######################################
fitting 1 samples with PSO on 8 workers
#######################################

2022-01-21 09:46:47,774 - pyswarms.single.global_best - INFO - Optimize for 5 iters with {'c1': 0.5, 'c2': 0.3, 'w': 0.9}
2022-01-21 09:47:16,434 - pyswarms.single.global_best - INFO - Optimization finished | best cost: 125263211.64643085, best pos: [2.77826372e-02 2.61867340e-01 2.79841860e+00 2.50312867e-01
 3.22169171e-01 6.79326718e-01 1.08868124e+00 1.37860810e+01
 2.01133796e+01 1.83096121e-04]
2022-01-21 09:47:16,548 - optimizer - INFO - optimal parameters:
2022-01-21 09:47:16,550 - optimizer - INFO -    Vmax_help_Ferm  0.027782637218854205
2022-01-21 09:47:16,551 - optimizer - INFO -    Vmax_Ferm       0.26186733974333753
2022-01-21 09:47:16,553 - optimizer - INFO -    Vmax_Fe3        2.7984186008454066
2022-01-21 09:47:16,556 - optimizer - INFO -    Vmax_Homo       0.25031286661566127
2022-01-21 09:47:16,558 - optimizer - INFO -    Vmax_Hydro      0.32216917076108964
2022-01-21 09:47:16,559 - optimizer - INFO -    Vmax_Ac         0.6793267177862357
2022-01-21 09:47:16,560 - optimizer - INFO -    Kmb_help_Ferm   1.088681239181393
2022-01-21 09:47:16,562 - optimizer - INFO -    Inhibition_Ferm 13.786080966735025
2022-01-21 09:47:16,563 - optimizer - INFO -    Fe3             20.11337957088845
2022-01-21 09:47:16,565 - optimizer - INFO -    M_Ac            0.00018309612092523217
2022-01-21 09:47:16,566 - optimizer - INFO - 
2022-01-21 09:47:16,571 - predict - INFO - 
2022-01-21 09:47:16,574 - predict - INFO - running model:
2022-01-21 09:47:16,576 - predict - INFO - =============
2022-01-21 09:47:16,578 - predict - INFO - pathways:
2022-01-21 09:47:16,580 - predict - INFO -    Ferm_help
2022-01-21 09:47:16,581 - predict - INFO -    Ferm
2022-01-21 09:47:16,583 - predict - INFO -    Fe3
2022-01-21 09:47:16,584 - predict - INFO -    Ac
2022-01-21 09:47:16,586 - predict - INFO - 
2022-01-21 09:47:16,589 - predict - INFO - initial system:
2022-01-21 09:47:16,591 - predict - INFO -    C            588.384
2022-01-21 09:47:16,593 - predict - INFO -    DOC          11.7677
2022-01-21 09:47:16,594 - predict - INFO -    CH4          0
2022-01-21 09:47:16,596 - predict - INFO -    CO2          0
2022-01-21 09:47:16,597 - predict - INFO -    Fe3          20.1134
2022-01-21 09:47:16,599 - predict - INFO -    M_Ac         0.000183096
2022-01-21 09:47:16,602 - predict - INFO -    M_Ferm       0.02
2022-01-21 09:47:16,604 - predict - INFO -    M_Fe3        0.2
2022-01-21 09:47:16,607 - predict - INFO -    M_Hydro      0.0025
2022-01-21 09:47:16,610 - predict - INFO -    M_Homo       0.0001
2022-01-21 09:47:16,612 - predict - INFO -    Acetate      0
2022-01-21 09:47:16,614 - predict - INFO -    H2           0
2022-01-21 09:47:16,615 - predict - INFO -    Fe2          0
2022-01-21 09:47:16,617 - predict - INFO -    pH           6.15
2022-01-21 09:47:16,618 - predict - INFO -    HCO3         0
2022-01-21 09:47:16,620 - predict - INFO -    weight       17.77
2022-01-21 09:47:16,624 - predict - INFO -    water        4.6
2022-01-21 09:47:16,625 - predict - INFO - 
2022-01-21 09:47:16,627 - predict - INFO - model parameters:
2022-01-21 09:47:16,629 - predict - INFO -    M_Fe3                  0.2
2022-01-21 09:47:16,631 - predict - INFO -    M_Ferm                 0.02
2022-01-21 09:47:16,633 - predict - INFO -    M_Hydro                0.0025
2022-01-21 09:47:16,635 - predict - INFO -    M_Homo                 0.0001
2022-01-21 09:47:16,637 - predict - INFO -    Sensenmann             0
2022-01-21 09:47:16,639 - predict - INFO -    C                      588.3844444444444
2022-01-21 09:47:16,642 - predict - INFO -    DOC                    11.767688888888888
2022-01-21 09:47:16,644 - predict - INFO -    pH                     6.15
2022-01-21 09:47:16,646 - predict - INFO -    weight                 17.77
2022-01-21 09:47:16,647 - predict - INFO -    water                  4.6
2022-01-21 09:47:16,648 - predict - INFO -    Vmax_help_Ferm         0.027782637218854205
2022-01-21 09:47:16,650 - predict - INFO -    Vmax_Ferm              0.26186733974333753
2022-01-21 09:47:16,651 - predict - INFO -    Vmax_Fe3               2.7984186008454066
2022-01-21 09:47:16,653 - predict - INFO -    Vmax_Homo              0.25031286661566127
2022-01-21 09:47:16,655 - predict - INFO -    Vmax_Hydro             0.32216917076108964
2022-01-21 09:47:16,657 - predict - INFO -    Vmax_Ac                0.6793267177862357
2022-01-21 09:47:16,658 - predict - INFO -    Kmb_help_Ferm          1.088681239181393
2022-01-21 09:47:16,659 - predict - INFO -    Inhibition_Ferm        13.786080966735025
2022-01-21 09:47:16,661 - predict - INFO -    Fe3                    20.11337957088845
2022-01-21 09:47:16,662 - predict - INFO -    M_Ac                   0.00018309612092523217
2022-01-21 09:47:16,663 - predict - INFO - 
2022-01-21 09:47:18,267 - data - INFO - load_data
2022-01-21 09:47:18,663 - data - INFO - No carex data for specimen13520
2022-01-21 09:47:18,677 - data - INFO - No carex data for specimen13691
2022-01-21 09:48:20,168 - data - INFO - load_data
2022-01-21 09:48:20,525 - data - INFO - No carex data for specimen13520
2022-01-21 09:48:20,539 - data - INFO - No carex data for specimen13691
2022-01-21 09:48:20,601 - root - INFO - model parameters:
2022-01-21 09:48:20,604 - root - INFO - ================
2022-01-21 09:48:20,608 - root - INFO -    M_Fe3                       0.2 
2022-01-21 09:48:20,611 - root - INFO -    M_Ferm                     0.02 
2022-01-21 09:48:20,615 - root - INFO -    M_Hydro                  0.0025 
2022-01-21 09:48:20,617 - root - INFO -    M_Homo                   0.0001 
2022-01-21 09:48:20,620 - root - INFO -    M_Ac                     0.0002 
2022-01-21 09:48:20,625 - root - INFO -    Sensenmann                    0 
2022-01-21 09:48:20,629 - root - INFO -    Vmax_Fe3                  20.27 
2022-01-21 09:48:20,632 - root - INFO -    Vmax_help_Ferm         0.030966 
2022-01-21 09:48:20,635 - root - INFO -    Vmax_Ferm             0.0943461 
2022-01-21 09:48:20,638 - root - INFO -    Vmax_Homo              0.066571 
2022-01-21 09:48:20,641 - root - INFO -    Vmax_Hydro             0.070321 
2022-01-21 09:48:20,645 - root - INFO -    Vmax_Ac                 0.04089 
2022-01-21 09:48:20,648 - root - INFO -    Kmb_help_Ferm           11.7482 
2022-01-21 09:48:20,651 - root - INFO -    Inhibition_Ferm         9.42431 
2022-01-21 09:48:20,655 - root - INFO -    Fe3                     15.0908 
2022-01-21 09:48:20,664 - root - INFO -    C                       588.384 specimen data
2022-01-21 09:48:20,667 - root - INFO -    DOC                     11.7677 specimen data
2022-01-21 09:48:20,671 - root - INFO -    pH                         6.15 specimen data
2022-01-21 09:48:20,675 - root - INFO -    weight                    17.77 specimen data
2022-01-21 09:48:20,677 - root - INFO -    water                       4.6 specimen data
2022-01-21 09:48:20,680 - root - INFO - 
2022-01-21 09:48:20,683 - optimizer - INFO - Deleting Vmax_help_Ferm from fixed parameters
2022-01-21 09:48:20,686 - optimizer - INFO - Deleting Vmax_Ferm from fixed parameters
2022-01-21 09:48:20,690 - optimizer - INFO - Deleting Vmax_Fe3 from fixed parameters
2022-01-21 09:48:20,694 - optimizer - INFO - Deleting Vmax_Homo from fixed parameters
2022-01-21 09:48:20,697 - optimizer - INFO - Deleting Vmax_Hydro from fixed parameters
2022-01-21 09:48:20,701 - optimizer - INFO - Deleting Vmax_Ac from fixed parameters
2022-01-21 09:48:20,704 - optimizer - INFO - Deleting Kmb_help_Ferm from fixed parameters
2022-01-21 09:48:20,706 - optimizer - INFO - Deleting Inhibition_Ferm from fixed parameters
2022-01-21 09:48:20,708 - optimizer - INFO - Deleting Fe3 from fixed parameters
2022-01-21 09:48:20,711 - optimizer - INFO - Deleting M_Ac from fixed parameters
2022-01-21 09:48:20,712 - data - INFO - load_data
2022-01-21 09:48:21,072 - data - INFO - No carex data for specimen13520
2022-01-21 09:48:21,085 - data - INFO - No carex data for specimen13691
2022-01-21 09:48:21,182 - optimizer - INFO - 
changeables:
===========
   Vmax_help_Ferm
   Vmax_Ferm
   Vmax_Fe3
   Vmax_Homo
   Vmax_Hydro
   Vmax_Ac
   Kmb_help_Ferm
   Inhibition_Ferm
   Fe3
   M_Ac

2022-01-21 09:48:21,185 - optimizer - INFO - 
#######################################
fitting 1 samples with PSO on 8 workers
#######################################

2022-01-21 09:48:21,207 - pyswarms.single.global_best - INFO - Optimize for 5 iters with {'c1': 0.5, 'c2': 0.3, 'w': 0.9}
2022-01-21 09:48:51,220 - pyswarms.single.global_best - INFO - Optimization finished | best cost: 124496159.28610599, best pos: [6.47822867e-02 1.83384272e-01 2.99478848e+00 6.74510245e-01
 5.32861571e-01 4.14019690e-01 5.17295488e+00 1.16611130e+01
 2.90709661e+01 9.30984769e-03]
2022-01-21 09:48:51,331 - optimizer - INFO - optimal parameters:
2022-01-21 09:48:51,333 - optimizer - INFO -    Vmax_help_Ferm  0.06478228673966255
2022-01-21 09:48:51,334 - optimizer - INFO -    Vmax_Ferm       0.18338427195835186
2022-01-21 09:48:51,336 - optimizer - INFO -    Vmax_Fe3        2.9947884840217416
2022-01-21 09:48:51,338 - optimizer - INFO -    Vmax_Homo       0.6745102450802891
2022-01-21 09:48:51,340 - optimizer - INFO -    Vmax_Hydro      0.5328615706784323
2022-01-21 09:48:51,341 - optimizer - INFO -    Vmax_Ac         0.4140196902188957
2022-01-21 09:48:51,343 - optimizer - INFO -    Kmb_help_Ferm   5.172954883768796
2022-01-21 09:48:51,344 - optimizer - INFO -    Inhibition_Ferm 11.661112968153304
2022-01-21 09:48:51,346 - optimizer - INFO -    Fe3             29.07096608865561
2022-01-21 09:48:51,348 - optimizer - INFO -    M_Ac            0.009309847686760908
2022-01-21 09:48:51,349 - optimizer - INFO - 
2022-01-21 09:48:51,353 - predict - INFO - 
2022-01-21 09:48:51,355 - predict - INFO - running model:
2022-01-21 09:48:51,357 - predict - INFO - =============
2022-01-21 09:48:51,358 - predict - INFO - pathways:
2022-01-21 09:48:51,360 - predict - INFO -    Ferm_help
2022-01-21 09:48:51,362 - predict - INFO -    Ferm
2022-01-21 09:48:51,363 - predict - INFO -    Fe3
2022-01-21 09:48:51,365 - predict - INFO -    Ac
2022-01-21 09:48:51,366 - predict - INFO - 
2022-01-21 09:48:51,368 - predict - INFO - initial system:
2022-01-21 09:48:51,369 - predict - INFO -    C            588.384
2022-01-21 09:48:51,371 - predict - INFO -    DOC          11.7677
2022-01-21 09:48:51,373 - predict - INFO -    CH4          0
2022-01-21 09:48:51,375 - predict - INFO -    CO2          0
2022-01-21 09:48:51,377 - predict - INFO -    Fe3          29.071
2022-01-21 09:48:51,378 - predict - INFO -    M_Ac         0.00930985
2022-01-21 09:48:51,380 - predict - INFO -    M_Ferm       0.02
2022-01-21 09:48:51,382 - predict - INFO -    M_Fe3        0.2
2022-01-21 09:48:51,383 - predict - INFO -    M_Hydro      0.0025
2022-01-21 09:48:51,384 - predict - INFO -    M_Homo       0.0001
2022-01-21 09:48:51,386 - predict - INFO -    Acetate      0
2022-01-21 09:48:51,387 - predict - INFO -    H2           0
2022-01-21 09:48:51,390 - predict - INFO -    Fe2          0
2022-01-21 09:48:51,392 - predict - INFO -    pH           6.15
2022-01-21 09:48:51,393 - predict - INFO -    HCO3         0
2022-01-21 09:48:51,395 - predict - INFO -    weight       17.77
2022-01-21 09:48:51,398 - predict - INFO -    water        4.6
2022-01-21 09:48:51,400 - predict - INFO - 
2022-01-21 09:48:51,402 - predict - INFO - model parameters:
2022-01-21 09:48:51,406 - predict - INFO -    M_Fe3                  0.2
2022-01-21 09:48:51,407 - predict - INFO -    M_Ferm                 0.02
2022-01-21 09:48:51,409 - predict - INFO -    M_Hydro                0.0025
2022-01-21 09:48:51,411 - predict - INFO -    M_Homo                 0.0001
2022-01-21 09:48:51,413 - predict - INFO -    Sensenmann             0
2022-01-21 09:48:51,414 - predict - INFO -    C                      588.3844444444444
2022-01-21 09:48:51,416 - predict - INFO -    DOC                    11.767688888888888
2022-01-21 09:48:51,417 - predict - INFO -    pH                     6.15
2022-01-21 09:48:51,419 - predict - INFO -    weight                 17.77
2022-01-21 09:48:51,420 - predict - INFO -    water                  4.6
2022-01-21 09:48:51,423 - predict - INFO -    Vmax_help_Ferm         0.06478228673966255
2022-01-21 09:48:51,424 - predict - INFO -    Vmax_Ferm              0.18338427195835186
2022-01-21 09:48:51,425 - predict - INFO -    Vmax_Fe3               2.9947884840217416
2022-01-21 09:48:51,427 - predict - INFO -    Vmax_Homo              0.6745102450802891
2022-01-21 09:48:51,428 - predict - INFO -    Vmax_Hydro             0.5328615706784323
2022-01-21 09:48:51,429 - predict - INFO -    Vmax_Ac                0.4140196902188957
2022-01-21 09:48:51,431 - predict - INFO -    Kmb_help_Ferm          5.172954883768796
2022-01-21 09:48:51,432 - predict - INFO -    Inhibition_Ferm        11.661112968153304
2022-01-21 09:48:51,434 - predict - INFO -    Fe3                    29.07096608865561
2022-01-21 09:48:51,435 - predict - INFO -    M_Ac                   0.009309847686760908
2022-01-21 09:48:51,437 - predict - INFO - 
2022-01-21 09:48:53,762 - data - INFO - load_data
2022-01-21 09:48:54,062 - data - INFO - No carex data for specimen13520
2022-01-21 09:48:54,073 - data - INFO - No carex data for specimen13691
2022-01-21 09:49:57,957 - data - INFO - load_data
2022-01-21 09:49:58,260 - data - INFO - No carex data for specimen13520
2022-01-21 09:49:58,274 - data - INFO - No carex data for specimen13691
2022-01-21 09:49:58,330 - root - INFO - model parameters:
2022-01-21 09:49:58,334 - root - INFO - ================
2022-01-21 09:49:58,337 - root - INFO -    M_Fe3                       0.2 
2022-01-21 09:49:58,340 - root - INFO -    M_Ferm                     0.02 
2022-01-21 09:49:58,342 - root - INFO -    M_Hydro                  0.0025 
2022-01-21 09:49:58,345 - root - INFO -    M_Homo                   0.0001 
2022-01-21 09:49:58,347 - root - INFO -    M_Ac                     0.0002 
2022-01-21 09:49:58,349 - root - INFO -    Sensenmann                    0 
2022-01-21 09:49:58,353 - root - INFO -    Vmax_Fe3                  20.27 
2022-01-21 09:49:58,354 - root - INFO -    Vmax_help_Ferm         0.030966 
2022-01-21 09:49:58,357 - root - INFO -    Vmax_Ferm             0.0943461 
2022-01-21 09:49:58,359 - root - INFO -    Vmax_Homo              0.066571 
2022-01-21 09:49:58,362 - root - INFO -    Vmax_Hydro             0.070321 
2022-01-21 09:49:58,365 - root - INFO -    Vmax_Ac                 0.04089 
2022-01-21 09:49:58,368 - root - INFO -    Kmb_help_Ferm           11.7482 
2022-01-21 09:49:58,373 - root - INFO -    Inhibition_Ferm         9.42431 
2022-01-21 09:49:58,376 - root - INFO -    Fe3                     15.0908 
2022-01-21 09:49:58,379 - root - INFO -    C                       588.384 specimen data
2022-01-21 09:49:58,381 - root - INFO -    DOC                     11.7677 specimen data
2022-01-21 09:49:58,383 - root - INFO -    pH                         6.15 specimen data
2022-01-21 09:49:58,386 - root - INFO -    weight                    17.77 specimen data
2022-01-21 09:49:58,389 - root - INFO -    water                       4.6 specimen data
2022-01-21 09:49:58,391 - root - INFO - 
2022-01-21 09:49:58,393 - optimizer - INFO - Deleting Vmax_help_Ferm from fixed parameters
2022-01-21 09:49:58,395 - optimizer - INFO - Deleting Vmax_Ferm from fixed parameters
2022-01-21 09:49:58,398 - optimizer - INFO - Deleting Vmax_Fe3 from fixed parameters
2022-01-21 09:49:58,400 - optimizer - INFO - Deleting Vmax_Homo from fixed parameters
2022-01-21 09:49:58,402 - optimizer - INFO - Deleting Vmax_Hydro from fixed parameters
2022-01-21 09:49:58,404 - optimizer - INFO - Deleting Vmax_Ac from fixed parameters
2022-01-21 09:49:58,406 - optimizer - INFO - Deleting Kmb_help_Ferm from fixed parameters
2022-01-21 09:49:58,408 - optimizer - INFO - Deleting Inhibition_Ferm from fixed parameters
2022-01-21 09:49:58,412 - optimizer - INFO - Deleting Fe3 from fixed parameters
2022-01-21 09:49:58,414 - optimizer - INFO - Deleting M_Ac from fixed parameters
2022-01-21 09:49:58,417 - data - INFO - load_data
2022-01-21 09:49:58,700 - data - INFO - No carex data for specimen13520
2022-01-21 09:49:58,713 - data - INFO - No carex data for specimen13691
2022-01-21 09:49:58,771 - optimizer - INFO - 
changeables:
===========
   Vmax_help_Ferm
   Vmax_Ferm
   Vmax_Fe3
   Vmax_Homo
   Vmax_Hydro
   Vmax_Ac
   Kmb_help_Ferm
   Inhibition_Ferm
   Fe3
   M_Ac

2022-01-21 09:49:58,773 - optimizer - INFO - 
#######################################
fitting 1 samples with PSO on 8 workers
#######################################

2022-01-21 09:49:58,789 - pyswarms.single.global_best - INFO - Optimize for 5 iters with {'c1': 0.5, 'c2': 0.3, 'w': 0.9}
2022-01-21 09:50:33,048 - pyswarms.single.global_best - INFO - Optimization finished | best cost: 129502530.26316223, best pos: [2.58083257e-02 2.94428384e-01 2.65001991e+00 4.42627718e-01
 4.14898625e-02 7.32284659e-01 1.11473980e+01 1.15613332e+01
 2.40568861e+01 5.00409577e-03]
2022-01-21 09:50:33,158 - optimizer - INFO - optimal parameters:
2022-01-21 09:50:33,160 - optimizer - INFO -    Vmax_help_Ferm  0.025808325680994414
2022-01-21 09:50:33,161 - optimizer - INFO -    Vmax_Ferm       0.2944283838558659
2022-01-21 09:50:33,163 - optimizer - INFO -    Vmax_Fe3        2.6500199052025293
2022-01-21 09:50:33,164 - optimizer - INFO -    Vmax_Homo       0.44262771830301345
2022-01-21 09:50:33,166 - optimizer - INFO -    Vmax_Hydro      0.041489862530291494
2022-01-21 09:50:33,168 - optimizer - INFO -    Vmax_Ac         0.7322846591505627
2022-01-21 09:50:33,170 - optimizer - INFO -    Kmb_help_Ferm   11.147398033698844
2022-01-21 09:50:33,172 - optimizer - INFO -    Inhibition_Ferm 11.561333180241977
2022-01-21 09:50:33,174 - optimizer - INFO -    Fe3             24.056886145617426
2022-01-21 09:50:33,179 - optimizer - INFO -    M_Ac            0.0050040957677297306
2022-01-21 09:50:33,185 - optimizer - INFO - 
2022-01-21 09:50:33,193 - predict - INFO - 
2022-01-21 09:50:33,198 - predict - INFO - running model:
2022-01-21 09:50:33,204 - predict - INFO - =============
2022-01-21 09:50:33,210 - predict - INFO - pathways:
2022-01-21 09:50:33,212 - predict - INFO -    Ferm_help
2022-01-21 09:50:33,213 - predict - INFO -    Ferm
2022-01-21 09:50:33,216 - predict - INFO -    Fe3
2022-01-21 09:50:33,221 - predict - INFO -    Ac
2022-01-21 09:50:33,228 - predict - INFO - 
2022-01-21 09:50:33,230 - predict - INFO - initial system:
2022-01-21 09:50:33,234 - predict - INFO -    C            588.384
2022-01-21 09:50:33,243 - predict - INFO -    DOC          11.7677
2022-01-21 09:50:33,246 - predict - INFO -    CH4          0
2022-01-21 09:50:33,248 - predict - INFO -    CO2          0
2022-01-21 09:50:33,253 - predict - INFO -    Fe3          24.0569
2022-01-21 09:50:33,261 - predict - INFO -    M_Ac         0.0050041
2022-01-21 09:50:33,263 - predict - INFO -    M_Ferm       0.02
2022-01-21 09:50:33,266 - predict - INFO -    M_Fe3        0.2
2022-01-21 09:50:33,273 - predict - INFO -    M_Hydro      0.0025
2022-01-21 09:50:33,278 - predict - INFO -    M_Homo       0.0001
2022-01-21 09:50:33,281 - predict - INFO -    Acetate      0
2022-01-21 09:50:33,283 - predict - INFO -    H2           0
2022-01-21 09:50:33,290 - predict - INFO -    Fe2          0
2022-01-21 09:50:33,295 - predict - INFO -    pH           6.15
2022-01-21 09:50:33,298 - predict - INFO -    HCO3         0
2022-01-21 09:50:33,302 - predict - INFO -    weight       17.77
2022-01-21 09:50:33,309 - predict - INFO -    water        4.6
2022-01-21 09:50:33,312 - predict - INFO - 
2022-01-21 09:50:33,314 - predict - INFO - model parameters:
2022-01-21 09:50:33,317 - predict - INFO -    M_Fe3                  0.2
2022-01-21 09:50:33,323 - predict - INFO -    M_Ferm                 0.02
2022-01-21 09:50:33,328 - predict - INFO -    M_Hydro                0.0025
2022-01-21 09:50:33,330 - predict - INFO -    M_Homo                 0.0001
2022-01-21 09:50:33,332 - predict - INFO -    Sensenmann             0
2022-01-21 09:50:33,337 - predict - INFO -    C                      588.3844444444444
2022-01-21 09:50:33,343 - predict - INFO -    DOC                    11.767688888888888
2022-01-21 09:50:33,344 - predict - INFO -    pH                     6.15
2022-01-21 09:50:33,346 - predict - INFO -    weight                 17.77
2022-01-21 09:50:33,348 - predict - INFO -    water                  4.6
2022-01-21 09:50:33,350 - predict - INFO -    Vmax_help_Ferm         0.025808325680994414
2022-01-21 09:50:33,354 - predict - INFO -    Vmax_Ferm              0.2944283838558659
2022-01-21 09:50:33,359 - predict - INFO -    Vmax_Fe3               2.6500199052025293
2022-01-21 09:50:33,363 - predict - INFO -    Vmax_Homo              0.44262771830301345
2022-01-21 09:50:33,364 - predict - INFO -    Vmax_Hydro             0.041489862530291494
2022-01-21 09:50:33,369 - predict - INFO -    Vmax_Ac                0.7322846591505627
2022-01-21 09:50:33,373 - predict - INFO -    Kmb_help_Ferm          11.147398033698844
2022-01-21 09:50:33,376 - predict - INFO -    Inhibition_Ferm        11.561333180241977
2022-01-21 09:50:33,377 - predict - INFO -    Fe3                    24.056886145617426
2022-01-21 09:50:33,379 - predict - INFO -    M_Ac                   0.0050040957677297306
2022-01-21 09:50:33,380 - predict - INFO - 
2022-01-21 09:50:36,524 - data - INFO - load_data
2022-01-21 09:50:36,830 - data - INFO - No carex data for specimen13520
2022-01-21 09:50:36,841 - data - INFO - No carex data for specimen13691
2022-01-21 10:16:14,964 - pyswarms.single.global_best - INFO - Optimize for 5000 iters with {'c1': 0.5, 'c2': 0.3, 'w': 0.9}
2022-01-21 10:21:04,357 - pyswarms.single.global_best - INFO - Optimize for 2 iters with {'c1': 0.5, 'c2': 0.3, 'w': 0.9}
2022-01-21 10:21:19,933 - pyswarms.single.global_best - INFO - Optimization finished | best cost: 125564597.42538169, best pos: [1.69142633e-02 2.39466437e-01 2.32130304e+00 6.76275014e-01
 1.24400044e-01 2.05515111e-01 1.51731118e+01 8.83397933e+00
 2.20278831e+01 1.11781236e-02]
2022-01-21 10:22:12,922 - pyswarms.single.global_best - INFO - Optimize for 2 iters with {'c1': 0.5, 'c2': 0.3, 'w': 0.9}
2022-01-21 10:22:26,250 - pyswarms.single.global_best - INFO - Optimization finished | best cost: 127436470.41337517, best pos: [4.44117350e-02 1.07703578e-01 2.63918489e+00 4.61892272e-01
 7.75766823e-01 7.16424331e-02 6.60151231e+00 1.45703010e+01
 2.67945300e+01 7.62733349e-03]
2022-01-21 10:22:59,742 - pyswarms.single.global_best - INFO - Optimize for 2 iters with {'c1': 0.5, 'c2': 0.3, 'w': 0.9}
2022-01-21 10:23:14,163 - pyswarms.single.global_best - INFO - Optimization finished | best cost: 117202199.52661087, best pos: [6.85705440e-02 1.82013706e-01 2.04063593e+00 8.52358469e-01
 1.33212372e-01 7.67444951e-01 8.64949850e-01 9.46091516e+00
 2.73914499e+01 7.74717986e-03]
2022-01-21 10:23:38,274 - pyswarms.single.global_best - INFO - Optimize for 2 iters with {'c1': 0.5, 'c2': 0.3, 'w': 0.9}
2022-01-21 10:23:59,591 - pyswarms.single.global_best - INFO - Optimization finished | best cost: 127679240.94293994, best pos: [2.68161610e-02 1.30532567e-01 2.47673880e+00 1.02321798e-01
 3.89687807e-01 2.94549126e-01 1.24443802e+01 1.64512463e+01
 2.76742533e+01 1.88905460e-02]
2022-01-21 10:32:02,760 - pyswarms.single.global_best - INFO - Optimize for 2 iters with {'c1': 0.5, 'c2': 0.3, 'w': 0.9}
2022-01-21 10:32:22,829 - pyswarms.single.global_best - INFO - Optimization finished | best cost: 114394070.11629403, best pos: [5.46612957e-02 4.31520545e-01 8.26316074e-01 3.26916052e-01
 5.17080879e-01 1.12771176e-01 5.21954189e-01 1.75407262e+01
 1.09270338e+01 5.14446454e-03]
2022-01-21 10:37:14,773 - pyswarms.single.global_best - INFO - Optimize for 2 iters with {'c1': 0.5, 'c2': 0.3, 'w': 0.9}
2022-01-21 10:40:34,816 - pyswarms.single.global_best - INFO - Optimize for 2 iters with {'c1': 0.5, 'c2': 0.3, 'w': 0.9}
2022-01-21 10:40:57,583 - pyswarms.single.global_best - INFO - Optimization finished | best cost: 128332444.8235328, best pos: [9.37093113e-02 3.41737964e-01 1.95033720e+00 5.38884752e-01
 8.20328691e-01 2.59884292e-01 3.23042476e+00 1.21387464e+01
 2.30561685e+01 1.26725703e-02]
2022-01-21 11:00:41,830 - pyswarms.single.global_best - INFO - Optimize for 5000 iters with {'c1': 0.5, 'c2': 0.3, 'w': 0.9}
2022-01-21 14:00:13,861 - pyswarms.single.global_best - INFO - Optimize for 5000 iters with {'c1': 0.5, 'c2': 0.3, 'w': 0.9}
2022-01-21 18:00:21,488 - pyswarms.single.global_best - INFO - Optimization finished | best cost: 58422946.01868098, best pos: [9.90126234e-02 2.59449343e-01 2.80679600e+00 2.06608799e-01
 8.17517667e-01 5.85815101e-01 2.04529042e-02 7.50541786e+00
 1.47825189e+01 1.10969382e-03]
2022-01-21 18:53:49,761 - pyswarms.single.global_best - INFO - Optimization finished | best cost: 56129695.85111031, best pos: [9.89479814e-02 3.27225218e-01 1.47412326e+00 4.62285037e-01
 7.70305201e-01 7.19268244e-01 5.60354278e-03 1.36824532e+01
 1.50310743e+01 1.18441490e-02]
2022-01-24 10:07:55,984 - pyswarms.single.global_best - INFO - Optimize for 5000 iters with {'c1': 0.5, 'c2': 0.3, 'w': 0.9}
2022-01-24 10:10:36,682 - pyswarms.single.global_best - INFO - Optimize for 5000 iters with {'c1': 0.5, 'c2': 0.3, 'w': 0.9}
2022-01-24 13:07:40,623 - pyswarms.single.global_best - INFO - Optimization finished | best cost: 54221570.956836805, best pos: [9.99152569e-02 3.89909726e-01 5.94592392e-01 2.99550041e-01
 5.52892791e-01 1.02940403e-01 4.61085870e-02 1.09432841e+01
 1.04467510e+01 1.30770090e-03]
2022-01-24 16:15:50,041 - pyswarms.single.global_best - INFO - Optimization finished | best cost: 59064282.422880284, best pos: [9.95269314e-02 3.78570594e-01 2.05105278e+00 4.38928477e-01
 6.83723626e-01 3.28873576e-01 2.45133897e-02 1.05777377e+01
 1.64884178e+01 8.00133755e-03]
